# JRE version: 7.0_21-b11
# Java VM: Java HotSpot(TM) 64-Bit Server VM (23.21-b01 mixed mode linux-amd64 compressed oops)
Heap
 PSYoungGen      total 139392K, used 1947K [0x00000000f5560000, 0x00000000fdda0000, 0x0000000100000000)
  eden space 139264K, 1% used [0x00000000f5560000,0x00000000f5746fe0,0x00000000fdd60000)
  from space 128K, 0% used [0x00000000fdd80000,0x00000000fdd80000,0x00000000fdda0000)
  to   space 128K, 0% used [0x00000000fdd60000,0x00000000fdd60000,0x00000000fdd80000)
 ParOldGen       total 53504K, used 29421K [0x00000000e0000000, 0x00000000e3440000, 0x00000000f5560000)
  object space 53504K, 54% used [0x00000000e0000000,0x00000000e1cbb718,0x00000000e3440000)
 PSPermGen       total 62848K, used 62548K [0x00000000d0000000, 0x00000000d3d60000, 0x00000000e0000000)
  object space 62848K, 99% used [0x00000000d0000000,0x00000000d3d150b0,0x00000000d3d60000)
GC Heap History (10 events):
Event: 38741.844 GC heap before
{Heap before GC invocations=1306 (full 646):
 PSYoungGen      total 139392K, used 64K [0x00000000f5560000, 0x00000000fdda0000, 0x0000000100000000)
  eden space 139264K, 0% used [0x00000000f5560000,0x00000000f5560000,0x00000000fdd60000)
  from space 128K, 50% used [0x00000000fdd80000,0x00000000fdd90000,0x00000000fdda0000)
  to   space 128K, 0% used [0x00000000fdd60000,0x00000000fdd60000,0x00000000fdd80000)
 ParOldGen       total 53504K, used 29421K [0x00000000e0000000, 0x00000000e3440000, 0x00000000f5560000)
  object space 53504K, 54% used [0x00000000e0000000,0x00000000e1cbb718,0x00000000e3440000)
 PSPermGen       total 62848K, used 62547K [0x00000000d0000000, 0x00000000d3d60000, 0x00000000e0000000)
  object space 62848K, 99% used [0x00000000d0000000,0x00000000d3d14e18,0x00000000d3d60000)
Event: 38741.978 GC heap after
Heap after GC invocations=1306 (full 646):
 PSYoungGen      total 139392K, used 0K [0x00000000f5560000, 0x00000000fdda0000, 0x0000000100000000)
  eden space 139264K, 0% used [0x00000000f5560000,0x00000000f5560000,0x00000000fdd60000)
  from space 128K, 0% used [0x00000000fdd80000,0x00000000fdd80000,0x00000000fdda0000)
  to   space 128K, 0% used [0x00000000fdd60000,0x00000000fdd60000,0x00000000fdd80000)
 ParOldGen       total 53504K, used 29421K [0x00000000e0000000, 0x00000000e3440000, 0x00000000f5560000)
  object space 53504K, 54% used [0x00000000e0000000,0x00000000e1cbb718,0x00000000e3440000)
 PSPermGen       total 62848K, used 62547K [0x00000000d0000000, 0x00000000d3d60000, 0x00000000e0000000)
  object space 62848K, 99% used [0x00000000d0000000,0x00000000d3d14e18,0x00000000d3d60000)
}
Event: 38801.842 GC heap before
{Heap before GC invocations=1307 (full 646):
 PSYoungGen      total 139392K, used 1947K [0x00000000f5560000, 0x00000000fdda0000, 0x0000000100000000)
  eden space 139264K, 1% used [0x00000000f5560000,0x00000000f5746fe0,0x00000000fdd60000)
  from space 128K, 0% used [0x00000000fdd80000,0x00000000fdd80000,0x00000000fdda0000)
  to   space 128K, 0% used [0x00000000fdd60000,0x00000000fdd60000,0x00000000fdd80000)
 ParOldGen       total 53504K, used 29421K [0x00000000e0000000, 0x00000000e3440000, 0x00000000f5560000)
  object space 53504K, 54% used [0x00000000e0000000,0x00000000e1cbb718,0x00000000e3440000)
 PSPermGen       total 62848K, used 62547K [0x00000000d0000000, 0x00000000d3d60000, 0x00000000e0000000)
  object space 62848K, 99% used [0x00000000d0000000,0x00000000d3d14e18,0x00000000d3d60000)
Event: 38801.844 GC heap after
Heap after GC invocations=1307 (full 646):
 PSYoungGen      total 139392K, used 64K [0x00000000f5560000, 0x00000000fdda0000, 0x0000000100000000)
  eden space 139264K, 0% used [0x00000000f5560000,0x00000000f5560000,0x00000000fdd60000)
  from space 128K, 50% used [0x00000000fdd60000,0x00000000fdd70000,0x00000000fdd80000)
  to   space 128K, 0% used [0x00000000fdd80000,0x00000000fdd80000,0x00000000fdda0000)
 ParOldGen       total 53504K, used 29421K [0x00000000e0000000, 0x00000000e3440000, 0x00000000f5560000)
  object space 53504K, 54% used [0x00000000e0000000,0x00000000e1cbb718,0x00000000e3440000)
 PSPermGen       total 62848K, used 62547K [0x00000000d0000000, 0x00000000d3d60000, 0x00000000e0000000)
  object space 62848K, 99% used [0x00000000d0000000,0x00000000d3d14e18,0x00000000d3d60000)
}
Event: 38801.844 GC heap before
{Heap before GC invocations=1308 (full 647):
 PSYoungGen      total 139392K, used 64K [0x00000000f5560000, 0x00000000fdda0000, 0x0000000100000000)
  eden space 139264K, 0% used [0x00000000f5560000,0x00000000f5560000,0x00000000fdd60000)
  from space 128K, 50% used [0x00000000fdd60000,0x00000000fdd70000,0x00000000fdd80000)
  to   space 128K, 0% used [0x00000000fdd80000,0x00000000fdd80000,0x00000000fdda0000)
 ParOldGen       total 53504K, used 29421K [0x00000000e0000000, 0x00000000e3440000, 0x00000000f5560000)
  object space 53504K, 54% used [0x00000000e0000000,0x00000000e1cbb718,0x00000000e3440000)
 PSPermGen       total 62848K, used 62547K [0x00000000d0000000, 0x00000000d3d60000, 0x00000000e0000000)
  object space 62848K, 99% used [0x00000000d0000000,0x00000000d3d14e18,0x00000000d3d60000)
Event: 38801.983 GC heap after
Heap after GC invocations=1308 (full 647):
 PSYoungGen      total 139392K, used 0K [0x00000000f5560000, 0x00000000fdda0000, 0x0000000100000000)
  eden space 139264K, 0% used [0x00000000f5560000,0x00000000f5560000,0x00000000fdd60000)
  from space 128K, 0% used [0x00000000fdd60000,0x00000000fdd60000,0x00000000fdd80000)
  to   space 128K, 0% used [0x00000000fdd80000,0x00000000fdd80000,0x00000000fdda0000)
 ParOldGen       total 53504K, used 29421K [0x00000000e0000000, 0x00000000e3440000, 0x00000000f5560000)
  object space 53504K, 54% used [0x00000000e0000000,0x00000000e1cbb718,0x00000000e3440000)
 PSPermGen       total 62848K, used 62547K [0x00000000d0000000, 0x00000000d3d60000, 0x00000000e0000000)
  object space 62848K, 99% used [0x00000000d0000000,0x00000000d3d14e18,0x00000000d3d60000)
}
Event: 38861.843 GC heap before
{Heap before GC invocations=1309 (full 647):
 PSYoungGen      total 139392K, used 2505K [0x00000000f5560000, 0x00000000fdda0000, 0x0000000100000000)
  eden space 139264K, 1% used [0x00000000f5560000,0x00000000f57d2438,0x00000000fdd60000)
  from space 128K, 0% used [0x00000000fdd60000,0x00000000fdd60000,0x00000000fdd80000)
  to   space 128K, 0% used [0x00000000fdd80000,0x00000000fdd80000,0x00000000fdda0000)
 ParOldGen       total 53504K, used 29421K [0x00000000e0000000, 0x00000000e3440000, 0x00000000f5560000)
  object space 53504K, 54% used [0x00000000e0000000,0x00000000e1cbb718,0x00000000e3440000)
 PSPermGen       total 62848K, used 62548K [0x00000000d0000000, 0x00000000d3d60000, 0x00000000e0000000)
  object space 62848K, 99% used [0x00000000d0000000,0x00000000d3d150b0,0x00000000d3d60000)
Event: 38861.847 GC heap after
Heap after GC invocations=1309 (full 647):
 PSYoungGen      total 139392K, used 64K [0x00000000f5560000, 0x00000000fdda0000, 0x0000000100000000)
  eden space 139264K, 0% used [0x00000000f5560000,0x00000000f5560000,0x00000000fdd60000)
  from space 128K, 50% used [0x00000000fdd80000,0x00000000fdd90000,0x00000000fdda0000)
  to   space 128K, 0% used [0x00000000fdd60000,0x00000000fdd60000,0x00000000fdd80000)
 ParOldGen       total 53504K, used 29421K [0x00000000e0000000, 0x00000000e3440000, 0x00000000f5560000)
  object space 53504K, 54% used [0x00000000e0000000,0x00000000e1cbb718,0x00000000e3440000)
 PSPermGen       total 62848K, used 62548K [0x00000000d0000000, 0x00000000d3d60000, 0x00000000e0000000)
  object space 62848K, 99% used [0x00000000d0000000,0x00000000d3d150b0,0x00000000d3d60000)
}
Event: 38861.847 GC heap before
{Heap before GC invocations=1310 (full 648):
 PSYoungGen      total 139392K, used 64K [0x00000000f5560000, 0x00000000fdda0000, 0x0000000100000000)
  eden space 139264K, 0% used [0x00000000f5560000,0x00000000f5560000,0x00000000fdd60000)
  from space 128K, 50% used [0x00000000fdd80000,0x00000000fdd90000,0x00000000fdda0000)
  to   space 128K, 0% used [0x00000000fdd60000,0x00000000fdd60000,0x00000000fdd80000)
 ParOldGen       total 53504K, used 29421K [0x00000000e0000000, 0x00000000e3440000, 0x00000000f5560000)
  object space 53504K, 54% used [0x00000000e0000000,0x00000000e1cbb718,0x00000000e3440000)
 PSPermGen       total 62848K, used 62548K [0x00000000d0000000, 0x00000000d3d60000, 0x00000000e0000000)
  object space 62848K, 99% used [0x00000000d0000000,0x00000000d3d150b0,0x00000000d3d60000)
Event: 38862.033 GC heap after
Heap after GC invocations=1310 (full 648):
 PSYoungGen      total 139392K, used 0K [0x00000000f5560000, 0x00000000fdda0000, 0x0000000100000000)
  eden space 139264K, 0% used [0x00000000f5560000,0x00000000f5560000,0x00000000fdd60000)
  from space 128K, 0% used [0x00000000fdd80000,0x00000000fdd80000,0x00000000fdda0000)
  to   space 128K, 0% used [0x00000000fdd60000,0x00000000fdd60000,0x00000000fdd80000)
 ParOldGen       total 53504K, used 29421K [0x00000000e0000000, 0x00000000e3440000, 0x00000000f5560000)
  object space 53504K, 54% used [0x00000000e0000000,0x00000000e1cbb718,0x00000000e3440000)
 PSPermGen       total 62848K, used 62548K [0x00000000d0000000, 0x00000000d3d60000, 0x00000000e0000000)
  object space 62848K, 99% used [0x00000000d0000000,0x00000000d3d150b0,0x00000000d3d60000)
}

